<?xml version="1.0" encoding="UTF-8"?>
<testsuite name="gz.radar.ExampleUnitTest" tests="1" skipped="0" failures="0" errors="0" timestamp="2020-07-02T07:07:14" hostname="localhost" time="0.002">
  <properties/>
  <testcase name="addition_isCorrect" classname="gz.radar.ExampleUnitTest" time="0.002"/>
  <system-out><![CDATA[]]></system-out>
  <system-err><![CDATA[]]></system-err>
</testsuite>
