<?xml version="1.0" encoding="UTF-8"?>
<testsuite name="gz.radar.ExampleUnitTest" tests="1" skipped="0" failures="0" errors="0" timestamp="2020-04-23T06:44:08" hostname="stephen.local" time="0.001">
  <properties/>
  <testcase name="addition_isCorrect" classname="gz.radar.ExampleUnitTest" time="0.001"/>
  <system-out><![CDATA[]]></system-out>
  <system-err><![CDATA[]]></system-err>
</testsuite>
